<?xml version="1.0" encoding="UTF-8"?>
<!-- Generated by org.testng.reporters.JUnitReportReporter -->
<testsuite hostname="IN-CTRL1J3" failures="0" tests="1" name="com.seleniumProject.tests.HotelBookingTest" time="3.228" errors="0" timestamp="09 Jul 2024 16:13:11 GMT" skipped="0">
  <testcase classname="com.seleniumProject.tests.HotelBookingTest" name="FlightBook" time="3.228"/>
</testsuite> <!-- com.seleniumProject.tests.HotelBookingTest -->
