<?xml version="1.0" encoding="UTF-8"?>
<!-- Generated by org.testng.reporters.JUnitReportReporter -->
<testsuite hostname="IN-CTRL1J3" failures="0" tests="1" name="com.seleniumProject.tests.ViewTopDealsTest" time="0.969" errors="0" timestamp="09 Jul 2024 16:13:11 GMT" skipped="0">
  <testcase classname="com.seleniumProject.tests.ViewTopDealsTest" name="testDeals" time="0.969"/>
</testsuite> <!-- com.seleniumProject.tests.ViewTopDealsTest -->
