<?xml version="1.0" encoding="UTF-8"?>
<!-- Generated by org.testng.reporters.JUnitReportReporter -->
<testsuite hostname="IN-CTRL1J3" failures="0" tests="5" name="com.seleniumProject.tests.AddProductinCartTest" time="16.011" errors="0" timestamp="09 Jul 2024 16:13:11 GMT" skipped="0">
  <testcase classname="com.seleniumProject.tests.AddProductinCartTest" name="AddProduct1" time="3.208"/>
  <testcase classname="com.seleniumProject.tests.AddProductinCartTest" name="AddProduct2" time="3.193"/>
  <testcase classname="com.seleniumProject.tests.AddProductinCartTest" name="AddProduct3" time="3.212"/>
  <testcase classname="com.seleniumProject.tests.AddProductinCartTest" name="AddProduct4" time="3.179"/>
  <testcase classname="com.seleniumProject.tests.AddProductinCartTest" name="AddProduct5" time="3.219"/>
</testsuite> <!-- com.seleniumProject.tests.AddProductinCartTest -->
